============================== Mace4 =================================
Mace4 (64) version 2009-11A, November 2009.
Process 110726 was started by sorin on LAPTOP-5JV67PU0,
Sat Dec  7 23:38:41 2024
The command was "/mnt/c/Users/Admin/Desktop/aistuff/LADR-2009-11A/bin/mace4 -f heights.in".
============================== end of head ===========================

============================== INPUT =================================

% Reading from file heights.in


formulas(assumptions).
Carly != James.
Carly != Kate.
Carly != Natalie.
Carly != Sammy.
James != Kate.
James != Natalie.
James != Sammy.
Kate != Natalie.
Kate != Sammy.
Natalie != Sammy.
(all x -taller(x,x)).
(all x all y (taller(x,y) -> -taller(y,x))).
taller(James,Kate).
taller(James,Carly).
taller(Kate,Sammy).
taller(Kate,Natalie).
taller(Sammy,Natalie).
taller(Carly,Sammy).
end_of_list.

formulas(goals).
(exists x all y (y != x -> taller(y,x))).
end_of_list.

============================== end of input ==========================

============================== PROCESS NON-CLAUSAL FORMULAS ==========

% Formulas that are not ordinary clauses:
1 (all x -taller(x,x)) # label(non_clause).  [assumption].
2 (all x all y (taller(x,y) -> -taller(y,x))) # label(non_clause).  [assumption].
3 (exists x all y (y != x -> taller(y,x))) # label(non_clause) # label(goal).  [goal].

============================== end of process non-clausal formulas ===

============================== CLAUSES FOR SEARCH ====================

formulas(mace4_clauses).
Carly != James.
Carly != Kate.
Carly != Natalie.
Carly != Sammy.
James != Kate.
James != Natalie.
James != Sammy.
Kate != Natalie.
Kate != Sammy.
Natalie != Sammy.
-taller(x,x).
-taller(x,y) | -taller(y,x).
taller(James,Kate).
taller(James,Carly).
taller(Kate,Sammy).
taller(Kate,Natalie).
taller(Sammy,Natalie).
taller(Carly,Sammy).
f1(x) != x.
-taller(f1(x),x).
end_of_list.

============================== end of clauses for search =============

% There are no natural numbers in the input.

============================== DOMAIN SIZE 2 =========================

=== Mace4 starting on domain size 2. ===

============================== STATISTICS ============================

For domain size 2.

Current CPU time: 0.00 seconds (total CPU time: 0.00 seconds).
Ground clauses: seen=26, kept=24.
Selections=1, assignments=1, propagations=10, current_models=0.
Rewrite_terms=9, rewrite_bools=9, indexes=0.
Rules_from_neg_clauses=6, cross_offs=6.

============================== end of statistics =====================

============================== DOMAIN SIZE 3 =========================

=== Mace4 starting on domain size 3. ===

============================== STATISTICS ============================

For domain size 3.

Current CPU time: 0.00 seconds (total CPU time: 0.00 seconds).
Ground clauses: seen=34, kept=31.
Selections=2, assignments=3, propagations=8, current_models=0.
Rewrite_terms=17, rewrite_bools=5, indexes=2.
Rules_from_neg_clauses=3, cross_offs=10.

============================== end of statistics =====================

============================== DOMAIN SIZE 4 =========================

=== Mace4 starting on domain size 4. ===

============================== STATISTICS ============================

For domain size 4.

Current CPU time: 0.00 seconds (total CPU time: 0.00 seconds).
Ground clauses: seen=44, kept=40.
Selections=3, assignments=6, propagations=10, current_models=0.
Rewrite_terms=33, rewrite_bools=17, indexes=3.
Rules_from_neg_clauses=2, cross_offs=14.

============================== end of statistics =====================

============================== DOMAIN SIZE 5 =========================

=== Mace4 starting on domain size 5. ===

============================== MODEL =================================

interpretation( 5, [number=1, seconds=0], [

        function(Carly, [ 0 ]),

        function(James, [ 1 ]),

        function(Kate, [ 2 ]),

        function(Natalie, [ 3 ]),

        function(Sammy, [ 4 ]),

        function(f1(_), [ 2, 0, 0, 0, 1 ]),

        relation(taller(_,_), [
			   0, 0, 0, 0, 1,
			   1, 0, 1, 0, 0,
			   0, 0, 0, 1, 1,
			   0, 0, 0, 0, 0,
			   0, 0, 0, 1, 0 ])
]).

============================== end of model ==========================

============================== STATISTICS ============================

For domain size 5.

Current CPU time: 0.00 seconds (total CPU time: 0.00 seconds).
Ground clauses: seen=56, kept=51.
Selections=13, assignments=22, propagations=23, current_models=1.
Rewrite_terms=67, rewrite_bools=77, indexes=11.
Rules_from_neg_clauses=1, cross_offs=21.

============================== end of statistics =====================

------ process 110726 exit (max_models) ------

User_CPU=0.00, System_CPU=0.00, Wall_clock=0.

Exiting with 1 model.

Process 110726 exit (max_models) Sat Dec  7 23:38:41 2024
The process finished Sat Dec  7 23:38:41 2024
